10:12:34 **** Rebuild of configuration Debug for project A7 ****
Info: Internal Builder is used for build
gcc -O0 -g3 -Wall -c -fmessage-length=0 -o A7.o "..\\A7.c" 
..\A7.c: In function 'main':
..\A7.c:20:4: warning: 'Level' is used uninitialized in this function [-Wuninitialized]
  if(Level == level1)
    ^
gcc -o A7.exe A7.o 
Info: Nothing to build for A1
Info: Nothing to build for A2
Info: Nothing to build for A3
Info: Nothing to build for A4
Info: Nothing to build for A5
Info: Nothing to build for A6
10:13:40 **** Incremental Build of configuration Debug for project A7 ****
Info: Internal Builder is used for build
gcc -O0 -g3 -Wall -c -fmessage-length=0 -o A7.o "..\\A7.c" 
..\A7.c: In function 'main':
..\A7.c:21:10: warning: format '%d' expects argument of type 'int *', but argument 2 has type 'Fan_Level * {aka enum <anonymous> *}' [-Wformat=]
  scanf("%d",&Level);
          ^
gcc -o A7.exe A7.o 
Info: Nothing to build for A7
Info: Nothing to build for A1
Info: Nothing to build for A2
Info: Nothing to build for A3
Info: Nothing to build for A4
Info: Nothing to build for A5
Info: Nothing to build for A6
10:15:34 **** Incremental Build of configuration Debug for project A7 ****
Info: Internal Builder is used for build
gcc -O0 -g3 -Wall -c -fmessage-length=0 -o A7.o "..\\A7.c" 
gcc -o A7.exe A7.o 
Info: Nothing to build for A7
